2018-05-09 01:25:56 +0000  Initial pipeline context: <IDEDistributionProcessingPipelineContext: 0x7fd0a3aa0d30; archive(resolved)='<IDEArchive: 0x7fd08ac30fa0>', distributionTask(resolved)='2', distributionMethod(resolved)='<IDEDistributionMethodiOSAppStoreExport: 0x7fd0a4a11ca0>', team(resolved)='<IDEProvisioningBasicTeam: 0x7fd08abcfbf0; teamID='YNJV896ZUF', teamName='Shanghai Youbin E-commerce Co., Ltd.'>'>
	Chain (11, self inclusive):
	<IDEDistributionProcessingPipelineContext: 0x7fd0a3aa0d30; archive = '<IDEArchive: 0x7fd08ac30fa0>', distributionMethod='<IDEDistributionMethodiOSAppStoreExport: 0x7fd0a4a11ca0>', team='<IDEProvisioningBasicTeam: 0x7fd08abcfbf0; teamID='YNJV896ZUF', teamName='Shanghai Youbin E-commerce Co., Ltd.'>'>
	<IDEDistributionProcessingPipelineContext: 0x7fd08df502c0; archive = '<IDEArchive: 0x7fd08ac30fa0>', distributionMethod='<IDEDistributionMethodiOSAppStoreExport: 0x7fd0a4a11ca0>', team='<IDEProvisioningBasicTeam: 0x7fd08abcfbf0; teamID='YNJV896ZUF', teamName='Shanghai Youbin E-commerce Co., Ltd.'>'>
	<IDEDistributionContext: 0x7fd0885c47b0; archive = '<IDEArchive: 0x7fd08ac30fa0>', distributionMethod='<IDEDistributionMethodiOSAppStoreExport: 0x7fd0a4a11ca0>', team='<IDEProvisioningBasicTeam: 0x7fd08abcfbf0; teamID='YNJV896ZUF', teamName='Shanghai Youbin E-commerce Co., Ltd.'>'>
	<IDEDistributionContext: 0x7fd095e40160; archive = '<IDEArchive: 0x7fd08ac30fa0>', distributionMethod='<IDEDistributionMethodiOSAppStoreExport: 0x7fd0a4a11ca0>', team='<IDEProvisioningBasicTeam: 0x7fd08abcfbf0; teamID='YNJV896ZUF', teamName='Shanghai Youbin E-commerce Co., Ltd.'>'>
	<IDEDistributionContext: 0x7fd0894c9ed0; archive = '<IDEArchive: 0x7fd08ac30fa0>', distributionMethod='<IDEDistributionMethodiOSAppStoreExport: 0x7fd0a4a11ca0>', team='<IDEProvisioningBasicTeam: 0x7fd08abcfbf0; teamID='YNJV896ZUF', teamName='Shanghai Youbin E-commerce Co., Ltd.'>'>
	<IDEDistributionContext: 0x7fd089790670; archive = '<IDEArchive: 0x7fd08ac30fa0>', distributionMethod='<IDEDistributionMethodiOSAppStoreExport: 0x7fd0a4a11ca0>', team='<IDEProvisioningBasicTeam: 0x7fd08abcfbf0; teamID='YNJV896ZUF', teamName='Shanghai Youbin E-commerce Co., Ltd.'>'>
	<IDEDistributionContext: 0x7fd0888308c0; archive = '<IDEArchive: 0x7fd08ac30fa0>', distributionMethod='<IDEDistributionMethodiOSAppStoreExport: 0x7fd0a4a11ca0>', team='<IDEProvisioningBasicTeam: 0x7fd08abcfbf0; teamID='YNJV896ZUF', teamName='Shanghai Youbin E-commerce Co., Ltd.'>'>
	<IDEDistributionContext: 0x7fd085fcb6f0; archive = '<IDEArchive: 0x7fd08ac30fa0>', distributionMethod='<IDEDistributionMethodiOSAppStoreExport: 0x7fd0a4a11ca0>', team='<IDEProvisioningBasicTeam: 0x7fd08abcfbf0; teamID='YNJV896ZUF', teamName='Shanghai Youbin E-commerce Co., Ltd.'>'>
	<IDEDistributionContext: 0x7fd08dda4400; archive = '<IDEArchive: 0x7fd08ac30fa0>', distributionMethod='<IDEDistributionMethodiOSAppStoreExport: 0x7fd0a4a11ca0>', team='<IDEProvisioningBasicTeam: 0x7fd08abcfbf0; teamID='YNJV896ZUF', teamName='Shanghai Youbin E-commerce Co., Ltd.'>'>
	<IDEDistributionContext: 0x7fd089d55e70; archive = '<IDEArchive: 0x7fd08ac30fa0>', distributionMethod='<IDEDistributionMethodiOSAppStoreExport: 0x7fd0a4a11ca0>', team='(null)'>
	<IDEDistributionContext: 0x7fd0a33ac420; archive = '<IDEArchive: 0x7fd08ac30fa0>', distributionMethod='(null)', team='(null)'>
</IDEDistributionProcessingPipelineContext: 0x7fd0a3aa0d30>
2018-05-09 01:25:56 +0000  Processing step: IDEDistributionCreateDestRootStep
2018-05-09 01:25:56 +0000  Processing step: IDEDistributionCopyItemStep
2018-05-09 01:25:56 +0000  Running /usr/bin/ditto '-V' '/Users/w/Library/Developer/Xcode/Archives/2018-05-09/Emeat 2018-5-9 上午9.22.xcarchive/Products/Applications/Emeat.app' '/var/folders/ny/_vg126dx3p1clc56kn0yrywm0000gn/T/XcodeDistPipeline.Lup/Root/Payload/Emeat.app'
2018-05-09 01:25:56 +0000  >>> Copying /Users/w/Library/Developer/Xcode/Archives/2018-05-09/Emeat 2018-5-9 上午9.22.xcarchive/Products/Applications/Emeat.app 
2018-05-09 01:25:56 +0000  copying file ./_CodeSignature/CodeResources ... 
2018-05-09 01:25:56 +0000  33801 bytes for ./_CodeSignature/CodeResources
2018-05-09 01:25:56 +0000  copying file ./LaunchImage-1-1100-Portrait-2436h@3x.png ... 
2018-05-09 01:25:56 +0000  450468 bytes for ./LaunchImage-1-1100-Portrait-2436h@3x.png
2018-05-09 01:25:56 +0000  copying file ./AppIcon20x20@2x.png ... 
2018-05-09 01:25:56 +0000  3192 bytes for ./AppIcon20x20@2x.png
2018-05-09 01:25:56 +0000  copying file ./AlipaySDK.bundle/shutdown@2x.png ... 
2018-05-09 01:25:56 +0000  222 bytes for ./AlipaySDK.bundle/shutdown@2x.png
2018-05-09 01:25:56 +0000  copying file ./AlipaySDK.bundle/refresh@2x.png ... 
2018-05-09 01:25:56 +0000  605 bytes for ./AlipaySDK.bundle/refresh@2x.png
copying file ./AlipaySDK.bundle/refresh_click@2x.png ... 
2018-05-09 01:25:56 +0000  1824 bytes for ./AlipaySDK.bundle/refresh_click@2x.png
copying file ./AlipaySDK.bundle/shutdown_click@2x.png ... 
2018-05-09 01:25:56 +0000  1319 bytes for ./AlipaySDK.bundle/shutdown_click@2x.png
copying file ./AlipaySDK.bundle/bar@2x.png ... 
2018-05-09 01:25:56 +0000  1011 bytes for ./AlipaySDK.bundle/bar@2x.png
2018-05-09 01:25:56 +0000  copying file ./AppIcon20x20@3x.png ... 
2018-05-09 01:25:56 +0000  4962 bytes for ./AppIcon20x20@3x.png
2018-05-09 01:25:56 +0000  copying file ./LaunchImage-1-800-667h@2x.png ... 
2018-05-09 01:25:56 +0000  526369 bytes for ./LaunchImage-1-800-667h@2x.png
2018-05-09 01:25:56 +0000  copying file ./MJRefresh.bundle/zh-Hans.lproj/Localizable.strings ... 
2018-05-09 01:25:56 +0000  1194 bytes for ./MJRefresh.bundle/zh-Hans.lproj/Localizable.strings
2018-05-09 01:25:56 +0000  copying file ./MJRefresh.bundle/en.lproj/Localizable.strings ... 
2018-05-09 01:25:56 +0000  1372 bytes for ./MJRefresh.bundle/en.lproj/Localizable.strings
2018-05-09 01:25:56 +0000  copying file ./MJRefresh.bundle/arrow@2x.png ... 
2018-05-09 01:25:56 +0000  1033 bytes for ./MJRefresh.bundle/arrow@2x.png
2018-05-09 01:25:56 +0000  copying file ./MJRefresh.bundle/zh-Hant.lproj/Localizable.strings ... 
2018-05-09 01:25:56 +0000  773 bytes for ./MJRefresh.bundle/zh-Hant.lproj/Localizable.strings
2018-05-09 01:25:56 +0000  copying file ./AppIcon60x60@2x.png ... 
2018-05-09 01:25:56 +0000  11724 bytes for ./AppIcon60x60@2x.png
2018-05-09 01:25:56 +0000  copying file ./IQKeyboardManager.bundle/IQButtonBarArrowRight@2x.png ... 
2018-05-09 01:25:56 +0000  1786 bytes for ./IQKeyboardManager.bundle/IQButtonBarArrowRight@2x.png
copying file ./IQKeyboardManager.bundle/IQButtonBarArrowUp@3x.png ... 
2018-05-09 01:25:56 +0000  2164 bytes for ./IQKeyboardManager.bundle/IQButtonBarArrowUp@3x.png
copying file ./IQKeyboardManager.bundle/IQButtonBarArrowUp@2x.png ... 
2018-05-09 01:25:56 +0000  1769 bytes for ./IQKeyboardManager.bundle/IQButtonBarArrowUp@2x.png
copying file ./IQKeyboardManager.bundle/IQButtonBarArrowRight@3x.png ... 
2018-05-09 01:25:56 +0000  1844 bytes for ./IQKeyboardManager.bundle/IQButtonBarArrowRight@3x.png
2018-05-09 01:25:56 +0000  copying file ./IQKeyboardManager.bundle/IQButtonBarArrowLeft@3x.png ... 
2018-05-09 01:25:56 +0000  1815 bytes for ./IQKeyboardManager.bundle/IQButtonBarArrowLeft@3x.png
2018-05-09 01:25:56 +0000  copying file ./IQKeyboardManager.bundle/IQButtonBarArrowDown@3x.png ... 
2018-05-09 01:25:56 +0000  2177 bytes for ./IQKeyboardManager.bundle/IQButtonBarArrowDown@3x.png
2018-05-09 01:25:56 +0000  copying file ./IQKeyboardManager.bundle/IQButtonBarArrowDown@2x.png ... 
2018-05-09 01:25:56 +0000  1764 bytes for ./IQKeyboardManager.bundle/IQButtonBarArrowDown@2x.png
2018-05-09 01:25:56 +0000  copying file ./IQKeyboardManager.bundle/IQButtonBarArrowLeft@2x.png ... 
2018-05-09 01:25:56 +0000  1793 bytes for ./IQKeyboardManager.bundle/IQButtonBarArrowLeft@2x.png
2018-05-09 01:25:56 +0000  copying file ./AppIcon29x29@2x.png ... 
2018-05-09 01:25:56 +0000  5313 bytes for ./AppIcon29x29@2x.png
2018-05-09 01:25:56 +0000  copying file ./LaunchImage-1-800-Portrait-736h@3x.png ... 
2018-05-09 01:25:56 +0000  793361 bytes for ./LaunchImage-1-800-Portrait-736h@3x.png
2018-05-09 01:25:56 +0000  copying file ./AppIcon40x40@3x.png ... 
2018-05-09 01:25:56 +0000  10190 bytes for ./AppIcon40x40@3x.png
2018-05-09 01:25:56 +0000  copying file ./TZImagePickerController.bundle/takePicture@2x.png ... 
2018-05-09 01:25:56 +0000  5924 bytes for ./TZImagePickerController.bundle/takePicture@2x.png
2018-05-09 01:25:56 +0000  copying file ./TZImagePickerController.bundle/zh-Hans.lproj/Localizable.strings ... 
2018-05-09 01:25:56 +0000  1902 bytes for ./TZImagePickerController.bundle/zh-Hans.lproj/Localizable.strings
2018-05-09 01:25:56 +0000  copying file ./TZImagePickerController.bundle/photo_sel_photoPickerVc@2x.png ... 
2018-05-09 01:25:56 +0000  1006 bytes for ./TZImagePickerController.bundle/photo_sel_photoPickerVc@2x.png
2018-05-09 01:25:56 +0000  copying file ./TZImagePickerController.bundle/en.lproj/Localizable.strings ... 
2018-05-09 01:25:56 +0000  2594 bytes for ./TZImagePickerController.bundle/en.lproj/Localizable.strings
2018-05-09 01:25:56 +0000  copying file ./TZImagePickerController.bundle/MMVideoPreviewPlayHL@2x.png ... 
2018-05-09 01:25:56 +0000  3645 bytes for ./TZImagePickerController.bundle/MMVideoPreviewPlayHL@2x.png
2018-05-09 01:25:56 +0000  copying file ./TZImagePickerController.bundle/photo_sel_previewVc@2x.png ... 
2018-05-09 01:25:56 +0000  1183 bytes for ./TZImagePickerController.bundle/photo_sel_previewVc@2x.png
2018-05-09 01:25:56 +0000  copying file ./TZImagePickerController.bundle/MMVideoPreviewPlay@2x.png ... 
2018-05-09 01:25:56 +0000  3645 bytes for ./TZImagePickerController.bundle/MMVideoPreviewPlay@2x.png
2018-05-09 01:25:56 +0000  copying file ./TZImagePickerController.bundle/preview_original_def@2x.png ... 
2018-05-09 01:25:56 +0000  392 bytes for ./TZImagePickerController.bundle/preview_original_def@2x.png
2018-05-09 01:25:56 +0000  copying file ./TZImagePickerController.bundle/photo_def_previewVc@2x.png ... 
2018-05-09 01:25:56 +0000  1155 bytes for ./TZImagePickerController.bundle/photo_def_previewVc@2x.png
2018-05-09 01:25:56 +0000  copying file ./TZImagePickerController.bundle/photo_original_sel@2x.png ... 
2018-05-09 01:25:56 +0000  620 bytes for ./TZImagePickerController.bundle/photo_original_sel@2x.png
2018-05-09 01:25:56 +0000  copying file ./TZImagePickerController.bundle/zh-Hant.lproj/Localizable.strings ... 
2018-05-09 01:25:56 +0000  1902 bytes for ./TZImagePickerController.bundle/zh-Hant.lproj/Localizable.strings
2018-05-09 01:25:56 +0000  copying file ./TZImagePickerController.bundle/photo_def_photoPickerVc@2x.png ... 
2018-05-09 01:25:56 +0000  1155 bytes for ./TZImagePickerController.bundle/photo_def_photoPickerVc@2x.png
2018-05-09 01:25:56 +0000  copying file ./TZImagePickerController.bundle/preview_number_icon@2x.png ... 
2018-05-09 01:25:56 +0000  501 bytes for ./TZImagePickerController.bundle/preview_number_icon@2x.png
2018-05-09 01:25:56 +0000  copying file ./TZImagePickerController.bundle/vi.lproj/Localizable.strings ... 
2018-05-09 01:25:56 +0000  1614 bytes for ./TZImagePickerController.bundle/vi.lproj/Localizable.strings
2018-05-09 01:25:56 +0000  copying file ./TZImagePickerController.bundle/navi_back@2x.png ... 
2018-05-09 01:25:56 +0000  116 bytes for ./TZImagePickerController.bundle/navi_back@2x.png
2018-05-09 01:25:56 +0000  copying file ./TZImagePickerController.bundle/photo_original_def@2x.png ... 
2018-05-09 01:25:56 +0000  1602 bytes for ./TZImagePickerController.bundle/photo_original_def@2x.png
2018-05-09 01:25:56 +0000  copying file ./TZImagePickerController.bundle/Root.plist ... 
2018-05-09 01:25:56 +0000  1456 bytes for ./TZImagePickerController.bundle/Root.plist
2018-05-09 01:25:56 +0000  copying file ./TZImagePickerController.bundle/photo_number_icon@2x.png ... 
2018-05-09 01:25:56 +0000  501 bytes for ./TZImagePickerController.bundle/photo_number_icon@2x.png
2018-05-09 01:25:56 +0000  copying file ./TZImagePickerController.bundle/VideoSendIcon@2x.png ... 
2018-05-09 01:25:56 +0000  223 bytes for ./TZImagePickerController.bundle/VideoSendIcon@2x.png
2018-05-09 01:25:56 +0000  copying file ./AppIcon40x40@2x.png ... 
2018-05-09 01:25:56 +0000  8148 bytes for ./AppIcon40x40@2x.png
2018-05-09 01:25:56 +0000  copying file ./PYSearch.bundle/clearImage@2x.png ... 
2018-05-09 01:25:56 +0000  534 bytes for ./PYSearch.bundle/clearImage@2x.png
2018-05-09 01:25:56 +0000  copying file ./PYSearch.bundle/zh-Hans.lproj/Localizable.strings ... 
2018-05-09 01:25:56 +0000  556 bytes for ./PYSearch.bundle/zh-Hans.lproj/Localizable.strings
2018-05-09 01:25:56 +0000  copying file ./PYSearch.bundle/cell-content-line@2x.png ... 
2018-05-09 01:25:56 +0000  1308 bytes for ./PYSearch.bundle/cell-content-line@2x.png
2018-05-09 01:25:56 +0000  copying file ./PYSearch.bundle/search@2x.png ... 
2018-05-09 01:25:56 +0000  716 bytes for ./PYSearch.bundle/search@2x.png
2018-05-09 01:25:56 +0000  copying file ./PYSearch.bundle/en.lproj/Localizable.strings ... 
2018-05-09 01:25:56 +0000  352 bytes for ./PYSearch.bundle/en.lproj/Localizable.strings
2018-05-09 01:25:56 +0000  copying file ./PYSearch.bundle/search@3x.png ... 
2018-05-09 01:25:56 +0000  2554 bytes for ./PYSearch.bundle/search@3x.png
2018-05-09 01:25:56 +0000  copying file ./PYSearch.bundle/cell-content-line@3x.png ... 
2018-05-09 01:25:56 +0000  1025 bytes for ./PYSearch.bundle/cell-content-line@3x.png
2018-05-09 01:25:56 +0000  copying file ./PYSearch.bundle/es.lproj/Localizable.strings ... 
2018-05-09 01:25:56 +0000  378 bytes for ./PYSearch.bundle/es.lproj/Localizable.strings
2018-05-09 01:25:56 +0000  copying file ./PYSearch.bundle/clearImage@3x.png ... 
2018-05-09 01:25:56 +0000  554 bytes for ./PYSearch.bundle/clearImage@3x.png
2018-05-09 01:25:56 +0000  copying file ./PYSearch.bundle/cell-content-line-vertical@2x.png ... 
2018-05-09 01:25:56 +0000  1267 bytes for ./PYSearch.bundle/cell-content-line-vertical@2x.png
2018-05-09 01:25:56 +0000  copying file ./PYSearch.bundle/cell-content-line-vertical@3x.png ... 
2018-05-09 01:25:56 +0000  1298 bytes for ./PYSearch.bundle/cell-content-line-vertical@3x.png
2018-05-09 01:25:56 +0000  copying file ./PYSearch.bundle/zh-Hant.lproj/Localizable.strings ... 
2018-05-09 01:25:56 +0000  333 bytes for ./PYSearch.bundle/zh-Hant.lproj/Localizable.strings
2018-05-09 01:25:56 +0000  copying file ./PYSearch.bundle/empty@3x.png ... 
2018-05-09 01:25:56 +0000  935 bytes for ./PYSearch.bundle/empty@3x.png
copying file ./PYSearch.bundle/empty@2x.png ... 
2018-05-09 01:25:56 +0000  625 bytes for ./PYSearch.bundle/empty@2x.png
2018-05-09 01:25:56 +0000  copying file ./PYSearch.bundle/search_history@3x.png ... 
2018-05-09 01:25:56 +0000  946 bytes for ./PYSearch.bundle/search_history@3x.png
2018-05-09 01:25:56 +0000  copying file ./PYSearch.bundle/fr.lproj/Localizable.strings ... 
2018-05-09 01:25:56 +0000  399 bytes for ./PYSearch.bundle/fr.lproj/Localizable.strings
2018-05-09 01:25:56 +0000  copying file ./PYSearch.bundle/close@3x.png ... 
2018-05-09 01:25:56 +0000  466 bytes for ./PYSearch.bundle/close@3x.png
copying file ./PYSearch.bundle/close@2x.png ... 
2018-05-09 01:25:56 +0000  348 bytes for ./PYSearch.bundle/close@2x.png
2018-05-09 01:25:56 +0000  copying file ./PYSearch.bundle/search_history@2x.png ... 
2018-05-09 01:25:56 +0000  663 bytes for ./PYSearch.bundle/search_history@2x.png
2018-05-09 01:25:56 +0000  copying file ./AppIcon29x29@3x.png ... 
2018-05-09 01:25:56 +0000  7629 bytes for ./AppIcon29x29@3x.png
2018-05-09 01:25:56 +0000  copying file ./AppIcon60x60@3x.png ... 
2018-05-09 01:25:56 +0000  14985 bytes for ./AppIcon60x60@3x.png
2018-05-09 01:25:56 +0000  copying file ./Base.lproj/Main.storyboardc/UIViewController-BYZ-38-t0r.nib ... 
2018-05-09 01:25:56 +0000  916 bytes for ./Base.lproj/Main.storyboardc/UIViewController-BYZ-38-t0r.nib
2018-05-09 01:25:56 +0000  copying file ./Base.lproj/Main.storyboardc/BYZ-38-t0r-view-8bC-Xf-vdC.nib ... 
2018-05-09 01:25:56 +0000  1136 bytes for ./Base.lproj/Main.storyboardc/BYZ-38-t0r-view-8bC-Xf-vdC.nib
copying file ./Base.lproj/Main.storyboardc/Info.plist ... 
2018-05-09 01:25:56 +0000  258 bytes for ./Base.lproj/Main.storyboardc/Info.plist
2018-05-09 01:25:56 +0000  copying file ./Base.lproj/LaunchScreen.storyboardc/01J-lp-oVM-view-Ze5-6b-2t3.nib ... 
2018-05-09 01:25:56 +0000  1136 bytes for ./Base.lproj/LaunchScreen.storyboardc/01J-lp-oVM-view-Ze5-6b-2t3.nib
copying file ./Base.lproj/LaunchScreen.storyboardc/UIViewController-01J-lp-oVM.nib ... 
2018-05-09 01:25:56 +0000  832 bytes for ./Base.lproj/LaunchScreen.storyboardc/UIViewController-01J-lp-oVM.nib
2018-05-09 01:25:56 +0000  copying file ./Base.lproj/LaunchScreen.storyboardc/Info.plist ... 
2018-05-09 01:25:56 +0000  258 bytes for ./Base.lproj/LaunchScreen.storyboardc/Info.plist
2018-05-09 01:25:56 +0000  copying file ./Emeat ... 
2018-05-09 01:25:56 +0000  66002384 bytes for ./Emeat
copying file ./Assets.car ... 
2018-05-09 01:25:56 +0000  35435128 bytes for ./Assets.car
copying file ./README.txt ... 
2018-05-09 01:25:56 +0000  2703 bytes for ./README.txt
copying file ./LaunchImage-1-700-568h@2x.png ... 
427982 bytes for ./LaunchImage-1-700-568h@2x.png
copying file ./AXPriceRangeCell.nib ... 
3689 bytes for ./AXPriceRangeCell.nib
copying file ./embedded.mobileprovision ... 
8485 bytes for ./embedded.mobileprovision
copying file ./SVProgressHUD.bundle/info.png ... 
365 bytes for ./SVProgressHUD.bundle/info.png
copying file ./SVProgressHUD.bundle/error@3x.png ... 
398 bytes for ./SVProgressHUD.bundle/error@3x.png
copying file ./SVProgressHUD.bundle/angle-mask@3x.png ... 
8319 bytes for ./SVProgressHUD.bundle/angle-mask@3x.png
copying file ./SVProgressHUD.bundle/angle-mask@2x.png ... 
4893 bytes for ./SVProgressHUD.bundle/angle-mask@2x.png
copying file ./SVProgressHUD.bundle/error@2x.png ... 
306 bytes for ./SVProgressHUD.bundle/error@2x.png
copying file ./SVProgressHUD.bundle/info@3x.png ... 
2018-05-09 01:25:56 +0000  1200 bytes for ./SVProgressHUD.bundle/info@3x.png
copying file ./SVProgressHUD.bundle/success@2x.png ... 
2018-05-09 01:25:56 +0000  462 bytes for ./SVProgressHUD.bundle/success@2x.png
copying file ./SVProgressHUD.bundle/success@3x.png ... 
714 bytes for ./SVProgressHUD.bundle/success@3x.png
copying file ./SVProgressHUD.bundle/info@2x.png ... 
2018-05-09 01:25:56 +0000  816 bytes for ./SVProgressHUD.bundle/info@2x.png
copying file ./SVProgressHUD.bundle/error.png ... 
2018-05-09 01:25:56 +0000  184 bytes for ./SVProgressHUD.bundle/error.png
2018-05-09 01:25:56 +0000  copying file ./SVProgressHUD.bundle/success.png ... 
2018-05-09 01:25:56 +0000  262 bytes for ./SVProgressHUD.bundle/success.png
copying file ./SVProgressHUD.bundle/angle-mask.png ... 
2018-05-09 01:25:56 +0000  1845 bytes for ./SVProgressHUD.bundle/angle-mask.png
2018-05-09 01:25:56 +0000  copying file ./Info.plist ... 
2018-05-09 01:25:56 +0000  2535 bytes for ./Info.plist
2018-05-09 01:25:56 +0000  copying file ./PkgInfo ... 
2018-05-09 01:25:56 +0000  8 bytes for ./PkgInfo
2018-05-09 01:25:56 +0000  
2018-05-09 01:25:56 +0000  
2018-05-09 01:25:56 +0000  /usr/bin/ditto exited with 02018-05-09 01:25:56 +0000  

2018-05-09 01:25:56 +0000  
2018-05-09 01:25:56 +0000  Processing step: IDEDistributionEmbedProfileStep
2018-05-09 01:25:56 +0000  Processing step: IDEDistributionItemRemovalStep
2018-05-09 01:25:56 +0000  Processing step: IDEDistributionAppThinningPlistStep
2018-05-09 01:25:56 +0000  Skipping step: IDEDistributionAppThinningPlistStep because it said so
2018-05-09 01:25:56 +0000  Processing step: IDEDistributionCompileBitcodeStep
2018-05-09 01:25:56 +0000  Skipping step: IDEDistributionCompileBitcodeStep because it said so
2018-05-09 01:25:56 +0000  Processing step: IDEDistributionCodeSlimmingStep
2018-05-09 01:25:56 +0000  Processing step: IDEDistributionCopyBCSymbolMapsStep
2018-05-09 01:25:56 +0000  Running /usr/bin/ditto '-V' '/Users/w/Library/Developer/Xcode/Archives/2018-05-09/Emeat 2018-5-9 上午9.22.xcarchive/BCSymbolMaps/76B07D91-C9C6-3174-8E9E-3BF2E1536476.bcsymbolmap' '/var/folders/ny/_vg126dx3p1clc56kn0yrywm0000gn/T/XcodeDistPipeline.Lup/Root/BCSymbolMaps/76B07D91-C9C6-3174-8E9E-3BF2E1536476.bcsymbolmap'
2018-05-09 01:25:56 +0000  >>> Copying /Users/w/Library/Developer/Xcode/Archives/2018-05-09/Emeat 2018-5-9 上午9.22.xcarchive/BCSymbolMaps/76B07D91-C9C6-3174-8E9E-3BF2E1536476.bcsymbolmap 
2018-05-09 01:25:56 +0000  copying file ./76B07D91-C9C6-3174-8E9E-3BF2E1536476.bcsymbolmap ... 
2018-05-09 01:25:56 +0000  1081512 bytes for ./76B07D91-C9C6-3174-8E9E-3BF2E1536476.bcsymbolmap
2018-05-09 01:25:56 +0000  2018-05-09 01:25:56 +0000  

2018-05-09 01:25:56 +0000  /usr/bin/ditto exited with 0
2018-05-09 01:25:56 +0000  2018-05-09 01:25:56 +0000  

2018-05-09 01:25:56 +0000  Running /usr/bin/ditto '-V' '/Users/w/Library/Developer/Xcode/Archives/2018-05-09/Emeat 2018-5-9 上午9.22.xcarchive/BCSymbolMaps/D1BF5F58-E770-3082-9FEB-D6AAA38AE45D.bcsymbolmap' '/var/folders/ny/_vg126dx3p1clc56kn0yrywm0000gn/T/XcodeDistPipeline.Lup/Root/BCSymbolMaps/D1BF5F58-E770-3082-9FEB-D6AAA38AE45D.bcsymbolmap'
2018-05-09 01:25:56 +0000  >>> Copying /Users/w/Library/Developer/Xcode/Archives/2018-05-09/Emeat 2018-5-9 上午9.22.xcarchive/BCSymbolMaps/D1BF5F58-E770-3082-9FEB-D6AAA38AE45D.bcsymbolmap 
2018-05-09 01:25:56 +0000  copying file ./D1BF5F58-E770-3082-9FEB-D6AAA38AE45D.bcsymbolmap ... 
2018-05-09 01:25:56 +0000  1079135 bytes for ./D1BF5F58-E770-3082-9FEB-D6AAA38AE45D.bcsymbolmap
2018-05-09 01:25:56 +0000  
2018-05-09 01:25:56 +0000  2018-05-09 01:25:56 +0000  /usr/bin/ditto exited with 0

2018-05-09 01:25:56 +0000  
2018-05-09 01:25:56 +0000  Processing step: IDEDistributionSymbolsStep
2018-05-09 01:25:56 +0000  Excluding symbols for Emeat.app
2018-05-09 01:25:56 +0000  Processing step: IDEDistributionCopyAppleProvidedContentStep
2018-05-09 01:25:56 +0000  Processing step: IDEDistributionAppThinningStep
2018-05-09 01:25:56 +0000  Skipping step: IDEDistributionAppThinningStep because it said so
2018-05-09 01:25:56 +0000  Processing step: IDEDistributionODRStep
2018-05-09 01:25:56 +0000  Processing step: IDEDistributionStripXattrsStep
2018-05-09 01:25:56 +0000  Running /usr/bin/xattr '-crs' '/var/folders/ny/_vg126dx3p1clc56kn0yrywm0000gn/T/XcodeDistPipeline.Lup/Root/Payload/Emeat.app'
2018-05-09 01:25:56 +0000  2018-05-09 01:25:56 +0000  2018-05-09 01:25:56 +0000  /usr/bin/xattr exited with 0


2018-05-09 01:25:56 +0000  Processing step: IDEDistributionCodesignStep
2018-05-09 01:25:56 +0000  Entitlements for <IDEDistributionItem: 0x7fd08863c590 'com.lxbox.Emeat' '<DVTFilePath:0x7fd08848f950:'/Users/w/Library/Developer/Xcode/Archives/2018-05-09/Emeat 2018-5-9 上午9.22.xcarchive/Products/Applications/Emeat.app'>'>: {
    "application-identifier" = "YNJV896ZUF.com.lxbox.Emeat";
    "beta-reports-active" = 1;
    "com.apple.developer.team-identifier" = YNJV896ZUF;
    "get-task-allow" = 0;
    "keychain-access-groups" =     (
        "YNJV896ZUF.com.lxbox.Emeat"
    );
}
2018-05-09 01:25:56 +0000  Writing entitlements for <IDEDistributionItem: 0x7fd08863c590 'com.lxbox.Emeat' '<DVTFilePath:0x7fd08848f950:'/Users/w/Library/Developer/Xcode/Archives/2018-05-09/Emeat 2018-5-9 上午9.22.xcarchive/Products/Applications/Emeat.app'>'> to: /var/folders/ny/_vg126dx3p1clc56kn0yrywm0000gn/T/XcodeDistPipeline.Lup/entitlementszzGcpQ
2018-05-09 01:25:56 +0000  Running /usr/bin/codesign '-vvv' '--force' '--sign' '3B366348CC5B3A9921B1735C29F359C1C0243BB8' '--preserve-metadata=identifier,flags' '--entitlements' '/var/folders/ny/_vg126dx3p1clc56kn0yrywm0000gn/T/XcodeDistPipeline.Lup/entitlementszzGcpQ' '/var/folders/ny/_vg126dx3p1clc56kn0yrywm0000gn/T/XcodeDistPipeline.Lup/Root/Payload/Emeat.app'
2018-05-09 01:25:57 +0000  /var/folders/ny/_vg126dx3p1clc56kn0yrywm0000gn/T/XcodeDistPipeline.Lup/Root/Payload/Emeat.app: signed app bundle with Mach-O universal (armv7 arm64) [com.lxbox.Emeat]
2018-05-09 01:25:57 +0000  2018-05-09 01:25:57 +0000  

2018-05-09 01:25:57 +0000  
2018-05-09 01:25:57 +0000  
2018-05-09 01:25:57 +0000  
2018-05-09 01:25:57 +0000  
2018-05-09 01:25:57 +0000  
2018-05-09 01:25:57 +0000  
2018-05-09 01:25:57 +0000  
2018-05-09 01:25:57 +0000  
2018-05-09 01:25:57 +0000  
2018-05-09 01:25:57 +0000  
2018-05-09 01:25:57 +0000  /usr/bin/codesign exited with 0
2018-05-09 01:25:57 +0000  2018-05-09 01:25:57 +0000  

2018-05-09 01:25:57 +0000  Processing step: IDEDistributionStreamingZipItemStep
2018-05-09 01:25:57 +0000  Skipping step: IDEDistributionStreamingZipItemStep because it said so
2018-05-09 01:25:57 +0000  Processing step: IDEDistributionCreateIPAStep
2018-05-09 01:25:57 +0000  Running /usr/bin/ditto '-V' '-c' '-k' '--norsrc' '/var/folders/ny/_vg126dx3p1clc56kn0yrywm0000gn/T/XcodeDistPipeline.Lup/Root' '/var/folders/ny/_vg126dx3p1clc56kn0yrywm0000gn/T/XcodeDistPipeline.Lup/Packages/Emeat.ipa'
2018-05-09 01:25:57 +0000  >>> Copying /var/folders/ny/_vg126dx3p1clc56kn0yrywm0000gn/T/XcodeDistPipeline.Lup/Root 
2018-05-09 01:25:57 +0000  copying file ./BCSymbolMaps/76B07D91-C9C6-3174-8E9E-3BF2E1536476.bcsymbolmap ... 
2018-05-09 01:25:57 +0000  1081512 bytes for ./BCSymbolMaps/76B07D91-C9C6-3174-8E9E-3BF2E1536476.bcsymbolmap
copying file ./BCSymbolMaps/D1BF5F58-E770-3082-9FEB-D6AAA38AE45D.bcsymbolmap ... 
2018-05-09 01:25:57 +0000  1079135 bytes for ./BCSymbolMaps/D1BF5F58-E770-3082-9FEB-D6AAA38AE45D.bcsymbolmap
2018-05-09 01:25:57 +0000  copying file ./Payload/Emeat.app/_CodeSignature/CodeResources ... 
2018-05-09 01:25:57 +0000  33801 bytes for ./Payload/Emeat.app/_CodeSignature/CodeResources
2018-05-09 01:25:57 +0000  copying file ./Payload/Emeat.app/LaunchImage-1-1100-Portrait-2436h@3x.png ... 
2018-05-09 01:25:57 +0000  450468 bytes for ./Payload/Emeat.app/LaunchImage-1-1100-Portrait-2436h@3x.png
copying file ./Payload/Emeat.app/AppIcon20x20@2x.png ... 
2018-05-09 01:25:57 +0000  3192 bytes for ./Payload/Emeat.app/AppIcon20x20@2x.png
2018-05-09 01:25:57 +0000  copying file ./Payload/Emeat.app/AlipaySDK.bundle/shutdown@2x.png ... 
2018-05-09 01:25:57 +0000  222 bytes for ./Payload/Emeat.app/AlipaySDK.bundle/shutdown@2x.png
copying file ./Payload/Emeat.app/AlipaySDK.bundle/refresh@2x.png ... 
2018-05-09 01:25:57 +0000  605 bytes for ./Payload/Emeat.app/AlipaySDK.bundle/refresh@2x.png
copying file ./Payload/Emeat.app/AlipaySDK.bundle/refresh_click@2x.png ... 
2018-05-09 01:25:57 +0000  1824 bytes for ./Payload/Emeat.app/AlipaySDK.bundle/refresh_click@2x.png
copying file ./Payload/Emeat.app/AlipaySDK.bundle/shutdown_click@2x.png ... 
2018-05-09 01:25:57 +0000  1319 bytes for ./Payload/Emeat.app/AlipaySDK.bundle/shutdown_click@2x.png
copying file ./Payload/Emeat.app/AlipaySDK.bundle/bar@2x.png ... 
2018-05-09 01:25:57 +0000  1011 bytes for ./Payload/Emeat.app/AlipaySDK.bundle/bar@2x.png
2018-05-09 01:25:57 +0000  copying file ./Payload/Emeat.app/AppIcon20x20@3x.png ... 
2018-05-09 01:25:57 +0000  4962 bytes for ./Payload/Emeat.app/AppIcon20x20@3x.png
copying file ./Payload/Emeat.app/LaunchImage-1-800-667h@2x.png ... 
2018-05-09 01:25:57 +0000  526369 bytes for ./Payload/Emeat.app/LaunchImage-1-800-667h@2x.png
2018-05-09 01:25:57 +0000  copying file ./Payload/Emeat.app/MJRefresh.bundle/zh-Hans.lproj/Localizable.strings ... 
1194 bytes for ./Payload/Emeat.app/MJRefresh.bundle/zh-Hans.lproj/Localizable.strings
2018-05-09 01:25:57 +0000  copying file ./Payload/Emeat.app/MJRefresh.bundle/en.lproj/Localizable.strings ... 
2018-05-09 01:25:57 +0000  1372 bytes for ./Payload/Emeat.app/MJRefresh.bundle/en.lproj/Localizable.strings
copying file ./Payload/Emeat.app/MJRefresh.bundle/arrow@2x.png ... 
2018-05-09 01:25:57 +0000  1033 bytes for ./Payload/Emeat.app/MJRefresh.bundle/arrow@2x.png
copying file ./Payload/Emeat.app/MJRefresh.bundle/zh-Hant.lproj/Localizable.strings ... 
2018-05-09 01:25:57 +0000  773 bytes for ./Payload/Emeat.app/MJRefresh.bundle/zh-Hant.lproj/Localizable.strings
2018-05-09 01:25:57 +0000  copying file ./Payload/Emeat.app/AppIcon60x60@2x.png ... 
2018-05-09 01:25:57 +0000  11724 bytes for ./Payload/Emeat.app/AppIcon60x60@2x.png
2018-05-09 01:25:57 +0000  copying file ./Payload/Emeat.app/IQKeyboardManager.bundle/IQButtonBarArrowRight@2x.png ... 
2018-05-09 01:25:57 +0000  1786 bytes for ./Payload/Emeat.app/IQKeyboardManager.bundle/IQButtonBarArrowRight@2x.png
copying file ./Payload/Emeat.app/IQKeyboardManager.bundle/IQButtonBarArrowUp@3x.png ... 
2018-05-09 01:25:57 +0000  2164 bytes for ./Payload/Emeat.app/IQKeyboardManager.bundle/IQButtonBarArrowUp@3x.png
copying file ./Payload/Emeat.app/IQKeyboardManager.bundle/IQButtonBarArrowUp@2x.png ... 
2018-05-09 01:25:57 +0000  1769 bytes for ./Payload/Emeat.app/IQKeyboardManager.bundle/IQButtonBarArrowUp@2x.png
2018-05-09 01:25:57 +0000  copying file ./Payload/Emeat.app/IQKeyboardManager.bundle/IQButtonBarArrowRight@3x.png ... 
1844 bytes for ./Payload/Emeat.app/IQKeyboardManager.bundle/IQButtonBarArrowRight@3x.png
copying file ./Payload/Emeat.app/IQKeyboardManager.bundle/IQButtonBarArrowLeft@3x.png ... 
2018-05-09 01:25:57 +0000  1815 bytes for ./Payload/Emeat.app/IQKeyboardManager.bundle/IQButtonBarArrowLeft@3x.png
copying file ./Payload/Emeat.app/IQKeyboardManager.bundle/IQButtonBarArrowDown@3x.png ... 
2018-05-09 01:25:57 +0000  2177 bytes for ./Payload/Emeat.app/IQKeyboardManager.bundle/IQButtonBarArrowDown@3x.png
copying file ./Payload/Emeat.app/IQKeyboardManager.bundle/IQButtonBarArrowDown@2x.png ... 
2018-05-09 01:25:57 +0000  1764 bytes for ./Payload/Emeat.app/IQKeyboardManager.bundle/IQButtonBarArrowDown@2x.png
2018-05-09 01:25:57 +0000  copying file ./Payload/Emeat.app/IQKeyboardManager.bundle/IQButtonBarArrowLeft@2x.png ... 
2018-05-09 01:25:57 +0000  1793 bytes for ./Payload/Emeat.app/IQKeyboardManager.bundle/IQButtonBarArrowLeft@2x.png
copying file ./Payload/Emeat.app/AppIcon29x29@2x.png ... 
2018-05-09 01:25:57 +0000  5313 bytes for ./Payload/Emeat.app/AppIcon29x29@2x.png
copying file ./Payload/Emeat.app/LaunchImage-1-800-Portrait-736h@3x.png ... 
2018-05-09 01:25:57 +0000  793361 bytes for ./Payload/Emeat.app/LaunchImage-1-800-Portrait-736h@3x.png
copying file ./Payload/Emeat.app/AppIcon40x40@3x.png ... 
2018-05-09 01:25:57 +0000  10190 bytes for ./Payload/Emeat.app/AppIcon40x40@3x.png
2018-05-09 01:25:57 +0000  copying file ./Payload/Emeat.app/TZImagePickerController.bundle/takePicture@2x.png ... 
2018-05-09 01:25:57 +0000  5924 bytes for ./Payload/Emeat.app/TZImagePickerController.bundle/takePicture@2x.png
2018-05-09 01:25:57 +0000  copying file ./Payload/Emeat.app/TZImagePickerController.bundle/zh-Hans.lproj/Localizable.strings ... 
2018-05-09 01:25:57 +0000  1902 bytes for ./Payload/Emeat.app/TZImagePickerController.bundle/zh-Hans.lproj/Localizable.strings
copying file ./Payload/Emeat.app/TZImagePickerController.bundle/photo_sel_photoPickerVc@2x.png ... 
2018-05-09 01:25:57 +0000  1006 bytes for ./Payload/Emeat.app/TZImagePickerController.bundle/photo_sel_photoPickerVc@2x.png
2018-05-09 01:25:57 +0000  copying file ./Payload/Emeat.app/TZImagePickerController.bundle/en.lproj/Localizable.strings ... 
2018-05-09 01:25:57 +0000  2594 bytes for ./Payload/Emeat.app/TZImagePickerController.bundle/en.lproj/Localizable.strings
copying file ./Payload/Emeat.app/TZImagePickerController.bundle/MMVideoPreviewPlayHL@2x.png ... 
2018-05-09 01:25:57 +0000  3645 bytes for ./Payload/Emeat.app/TZImagePickerController.bundle/MMVideoPreviewPlayHL@2x.png
copying file ./Payload/Emeat.app/TZImagePickerController.bundle/photo_sel_previewVc@2x.png ... 
2018-05-09 01:25:57 +0000  1183 bytes for ./Payload/Emeat.app/TZImagePickerController.bundle/photo_sel_previewVc@2x.png
copying file ./Payload/Emeat.app/TZImagePickerController.bundle/MMVideoPreviewPlay@2x.png ... 
2018-05-09 01:25:57 +0000  3645 bytes for ./Payload/Emeat.app/TZImagePickerController.bundle/MMVideoPreviewPlay@2x.png
copying file ./Payload/Emeat.app/TZImagePickerController.bundle/preview_original_def@2x.png ... 
2018-05-09 01:25:57 +0000  392 bytes for ./Payload/Emeat.app/TZImagePickerController.bundle/preview_original_def@2x.png
copying file ./Payload/Emeat.app/TZImagePickerController.bundle/photo_def_previewVc@2x.png ... 
2018-05-09 01:25:57 +0000  1155 bytes for ./Payload/Emeat.app/TZImagePickerController.bundle/photo_def_previewVc@2x.png
copying file ./Payload/Emeat.app/TZImagePickerController.bundle/photo_original_sel@2x.png ... 
2018-05-09 01:25:57 +0000  620 bytes for ./Payload/Emeat.app/TZImagePickerController.bundle/photo_original_sel@2x.png
2018-05-09 01:25:57 +0000  copying file ./Payload/Emeat.app/TZImagePickerController.bundle/zh-Hant.lproj/Localizable.strings ... 
2018-05-09 01:25:57 +0000  1902 bytes for ./Payload/Emeat.app/TZImagePickerController.bundle/zh-Hant.lproj/Localizable.strings
copying file ./Payload/Emeat.app/TZImagePickerController.bundle/photo_def_photoPickerVc@2x.png ... 
2018-05-09 01:25:57 +0000  1155 bytes for ./Payload/Emeat.app/TZImagePickerController.bundle/photo_def_photoPickerVc@2x.png
copying file ./Payload/Emeat.app/TZImagePickerController.bundle/preview_number_icon@2x.png ... 
2018-05-09 01:25:57 +0000  501 bytes for ./Payload/Emeat.app/TZImagePickerController.bundle/preview_number_icon@2x.png
copying file ./Payload/Emeat.app/TZImagePickerController.bundle/vi.lproj/Localizable.strings ... 
2018-05-09 01:25:57 +0000  1614 bytes for ./Payload/Emeat.app/TZImagePickerController.bundle/vi.lproj/Localizable.strings
copying file ./Payload/Emeat.app/TZImagePickerController.bundle/navi_back@2x.png ... 
2018-05-09 01:25:57 +0000  116 bytes for ./Payload/Emeat.app/TZImagePickerController.bundle/navi_back@2x.png
copying file ./Payload/Emeat.app/TZImagePickerController.bundle/photo_original_def@2x.png ... 
2018-05-09 01:25:57 +0000  1602 bytes for ./Payload/Emeat.app/TZImagePickerController.bundle/photo_original_def@2x.png
copying file ./Payload/Emeat.app/TZImagePickerController.bundle/Root.plist ... 
2018-05-09 01:25:57 +0000  1456 bytes for ./Payload/Emeat.app/TZImagePickerController.bundle/Root.plist
copying file ./Payload/Emeat.app/TZImagePickerController.bundle/photo_number_icon@2x.png ... 
2018-05-09 01:25:57 +0000  501 bytes for ./Payload/Emeat.app/TZImagePickerController.bundle/photo_number_icon@2x.png
copying file ./Payload/Emeat.app/TZImagePickerController.bundle/VideoSendIcon@2x.png ... 
2018-05-09 01:25:57 +0000  223 bytes for ./Payload/Emeat.app/TZImagePickerController.bundle/VideoSendIcon@2x.png
copying file ./Payload/Emeat.app/AppIcon40x40@2x.png ... 
2018-05-09 01:25:57 +0000  8148 bytes for ./Payload/Emeat.app/AppIcon40x40@2x.png
2018-05-09 01:25:57 +0000  copying file ./Payload/Emeat.app/PYSearch.bundle/clearImage@2x.png ... 
2018-05-09 01:25:57 +0000  534 bytes for ./Payload/Emeat.app/PYSearch.bundle/clearImage@2x.png
copying file ./Payload/Emeat.app/PYSearch.bundle/zh-Hans.lproj/Localizable.strings ... 
2018-05-09 01:25:57 +0000  556 bytes for ./Payload/Emeat.app/PYSearch.bundle/zh-Hans.lproj/Localizable.strings
copying file ./Payload/Emeat.app/PYSearch.bundle/cell-content-line@2x.png ... 
2018-05-09 01:25:57 +0000  1308 bytes for ./Payload/Emeat.app/PYSearch.bundle/cell-content-line@2x.png
copying file ./Payload/Emeat.app/PYSearch.bundle/search@2x.png ... 
2018-05-09 01:25:57 +0000  716 bytes for ./Payload/Emeat.app/PYSearch.bundle/search@2x.png
2018-05-09 01:25:57 +0000  copying file ./Payload/Emeat.app/PYSearch.bundle/en.lproj/Localizable.strings ... 
352 bytes for ./Payload/Emeat.app/PYSearch.bundle/en.lproj/Localizable.strings
2018-05-09 01:25:57 +0000  copying file ./Payload/Emeat.app/PYSearch.bundle/search@3x.png ... 
2018-05-09 01:25:57 +0000  2554 bytes for ./Payload/Emeat.app/PYSearch.bundle/search@3x.png
copying file ./Payload/Emeat.app/PYSearch.bundle/cell-content-line@3x.png ... 
2018-05-09 01:25:57 +0000  1025 bytes for ./Payload/Emeat.app/PYSearch.bundle/cell-content-line@3x.png
copying file ./Payload/Emeat.app/PYSearch.bundle/es.lproj/Localizable.strings ... 
2018-05-09 01:25:57 +0000  378 bytes for ./Payload/Emeat.app/PYSearch.bundle/es.lproj/Localizable.strings
copying file ./Payload/Emeat.app/PYSearch.bundle/clearImage@3x.png ... 
2018-05-09 01:25:57 +0000  554 bytes for ./Payload/Emeat.app/PYSearch.bundle/clearImage@3x.png
copying file ./Payload/Emeat.app/PYSearch.bundle/cell-content-line-vertical@2x.png ... 
1267 bytes for ./Payload/Emeat.app/PYSearch.bundle/cell-content-line-vertical@2x.png
copying file ./Payload/Emeat.app/PYSearch.bundle/cell-content-line-vertical@3x.png ... 
2018-05-09 01:25:57 +0000  1298 bytes for ./Payload/Emeat.app/PYSearch.bundle/cell-content-line-vertical@3x.png
2018-05-09 01:25:57 +0000  copying file ./Payload/Emeat.app/PYSearch.bundle/zh-Hant.lproj/Localizable.strings ... 
333 bytes for ./Payload/Emeat.app/PYSearch.bundle/zh-Hant.lproj/Localizable.strings
2018-05-09 01:25:57 +0000  copying file ./Payload/Emeat.app/PYSearch.bundle/empty@3x.png ... 
2018-05-09 01:25:57 +0000  935 bytes for ./Payload/Emeat.app/PYSearch.bundle/empty@3x.png
copying file ./Payload/Emeat.app/PYSearch.bundle/empty@2x.png ... 
2018-05-09 01:25:57 +0000  625 bytes for ./Payload/Emeat.app/PYSearch.bundle/empty@2x.png
copying file ./Payload/Emeat.app/PYSearch.bundle/search_history@3x.png ... 
946 bytes for ./Payload/Emeat.app/PYSearch.bundle/search_history@3x.png
2018-05-09 01:25:57 +0000  copying file ./Payload/Emeat.app/PYSearch.bundle/fr.lproj/Localizable.strings ... 
399 bytes for ./Payload/Emeat.app/PYSearch.bundle/fr.lproj/Localizable.strings
2018-05-09 01:25:57 +0000  copying file ./Payload/Emeat.app/PYSearch.bundle/close@3x.png ... 
2018-05-09 01:25:57 +0000  466 bytes for ./Payload/Emeat.app/PYSearch.bundle/close@3x.png
copying file ./Payload/Emeat.app/PYSearch.bundle/close@2x.png ... 
2018-05-09 01:25:57 +0000  348 bytes for ./Payload/Emeat.app/PYSearch.bundle/close@2x.png
copying file ./Payload/Emeat.app/PYSearch.bundle/search_history@2x.png ... 
663 bytes for ./Payload/Emeat.app/PYSearch.bundle/search_history@2x.png
2018-05-09 01:25:57 +0000  copying file ./Payload/Emeat.app/AppIcon29x29@3x.png ... 
2018-05-09 01:25:57 +0000  7629 bytes for ./Payload/Emeat.app/AppIcon29x29@3x.png
copying file ./Payload/Emeat.app/AppIcon60x60@3x.png ... 
2018-05-09 01:25:57 +0000  14985 bytes for ./Payload/Emeat.app/AppIcon60x60@3x.png
2018-05-09 01:25:57 +0000  copying file ./Payload/Emeat.app/Base.lproj/Main.storyboardc/UIViewController-BYZ-38-t0r.nib ... 
2018-05-09 01:25:57 +0000  916 bytes for ./Payload/Emeat.app/Base.lproj/Main.storyboardc/UIViewController-BYZ-38-t0r.nib
copying file ./Payload/Emeat.app/Base.lproj/Main.storyboardc/BYZ-38-t0r-view-8bC-Xf-vdC.nib ... 
2018-05-09 01:25:57 +0000  1136 bytes for ./Payload/Emeat.app/Base.lproj/Main.storyboardc/BYZ-38-t0r-view-8bC-Xf-vdC.nib
copying file ./Payload/Emeat.app/Base.lproj/Main.storyboardc/Info.plist ... 
2018-05-09 01:25:57 +0000  258 bytes for ./Payload/Emeat.app/Base.lproj/Main.storyboardc/Info.plist
copying file ./Payload/Emeat.app/Base.lproj/LaunchScreen.storyboardc/01J-lp-oVM-view-Ze5-6b-2t3.nib ... 
2018-05-09 01:25:57 +0000  1136 bytes for ./Payload/Emeat.app/Base.lproj/LaunchScreen.storyboardc/01J-lp-oVM-view-Ze5-6b-2t3.nib
copying file ./Payload/Emeat.app/Base.lproj/LaunchScreen.storyboardc/UIViewController-01J-lp-oVM.nib ... 
2018-05-09 01:25:57 +0000  832 bytes for ./Payload/Emeat.app/Base.lproj/LaunchScreen.storyboardc/UIViewController-01J-lp-oVM.nib
copying file ./Payload/Emeat.app/Base.lproj/LaunchScreen.storyboardc/Info.plist ... 
2018-05-09 01:25:57 +0000  258 bytes for ./Payload/Emeat.app/Base.lproj/LaunchScreen.storyboardc/Info.plist
2018-05-09 01:25:57 +0000  copying file ./Payload/Emeat.app/Emeat ... 
2018-05-09 01:25:59 +0000  55880560 bytes for ./Payload/Emeat.app/Emeat
copying file ./Payload/Emeat.app/Assets.car ... 
2018-05-09 01:26:01 +0000  35435128 bytes for ./Payload/Emeat.app/Assets.car
copying file ./Payload/Emeat.app/README.txt ... 
2018-05-09 01:26:01 +0000  2703 bytes for ./Payload/Emeat.app/README.txt
copying file ./Payload/Emeat.app/LaunchImage-1-700-568h@2x.png ... 
2018-05-09 01:26:01 +0000  427982 bytes for ./Payload/Emeat.app/LaunchImage-1-700-568h@2x.png
2018-05-09 01:26:01 +0000  copying file ./Payload/Emeat.app/AXPriceRangeCell.nib ... 
2018-05-09 01:26:01 +0000  3689 bytes for ./Payload/Emeat.app/AXPriceRangeCell.nib
copying file ./Payload/Emeat.app/embedded.mobileprovision ... 
2018-05-09 01:26:01 +0000  7585 bytes for ./Payload/Emeat.app/embedded.mobileprovision
2018-05-09 01:26:01 +0000  copying file ./Payload/Emeat.app/SVProgressHUD.bundle/info.png ... 
2018-05-09 01:26:01 +0000  365 bytes for ./Payload/Emeat.app/SVProgressHUD.bundle/info.png
copying file ./Payload/Emeat.app/SVProgressHUD.bundle/error@3x.png ... 
398 bytes for ./Payload/Emeat.app/SVProgressHUD.bundle/error@3x.png
2018-05-09 01:26:01 +0000  copying file ./Payload/Emeat.app/SVProgressHUD.bundle/angle-mask@3x.png ... 
2018-05-09 01:26:01 +0000  8319 bytes for ./Payload/Emeat.app/SVProgressHUD.bundle/angle-mask@3x.png
copying file ./Payload/Emeat.app/SVProgressHUD.bundle/angle-mask@2x.png ... 
2018-05-09 01:26:01 +0000  4893 bytes for ./Payload/Emeat.app/SVProgressHUD.bundle/angle-mask@2x.png
copying file ./Payload/Emeat.app/SVProgressHUD.bundle/error@2x.png ... 
2018-05-09 01:26:01 +0000  306 bytes for ./Payload/Emeat.app/SVProgressHUD.bundle/error@2x.png
copying file ./Payload/Emeat.app/SVProgressHUD.bundle/info@3x.png ... 
2018-05-09 01:26:01 +0000  1200 bytes for ./Payload/Emeat.app/SVProgressHUD.bundle/info@3x.png
copying file ./Payload/Emeat.app/SVProgressHUD.bundle/success@2x.png ... 
2018-05-09 01:26:01 +0000  462 bytes for ./Payload/Emeat.app/SVProgressHUD.bundle/success@2x.png
copying file ./Payload/Emeat.app/SVProgressHUD.bundle/success@3x.png ... 
714 bytes for ./Payload/Emeat.app/SVProgressHUD.bundle/success@3x.png
2018-05-09 01:26:01 +0000  copying file ./Payload/Emeat.app/SVProgressHUD.bundle/info@2x.png ... 
816 bytes for ./Payload/Emeat.app/SVProgressHUD.bundle/info@2x.png
copying file ./Payload/Emeat.app/SVProgressHUD.bundle/error.png ... 
2018-05-09 01:26:01 +0000  184 bytes for ./Payload/Emeat.app/SVProgressHUD.bundle/error.png
copying file ./Payload/Emeat.app/SVProgressHUD.bundle/success.png ... 
2018-05-09 01:26:01 +0000  262 bytes for ./Payload/Emeat.app/SVProgressHUD.bundle/success.png
copying file ./Payload/Emeat.app/SVProgressHUD.bundle/angle-mask.png ... 
2018-05-09 01:26:01 +0000  1845 bytes for ./Payload/Emeat.app/SVProgressHUD.bundle/angle-mask.png
copying file ./Payload/Emeat.app/Info.plist ... 
2018-05-09 01:26:01 +0000  2535 bytes for ./Payload/Emeat.app/Info.plist
2018-05-09 01:26:01 +0000  copying file ./Payload/Emeat.app/PkgInfo ... 
8 bytes for ./Payload/Emeat.app/PkgInfo
2018-05-09 01:26:01 +0000  
2018-05-09 01:26:01 +0000  
2018-05-09 01:26:01 +0000  /usr/bin/ditto exited with 02018-05-09 01:26:01 +0000  

2018-05-09 01:26:01 +0000  
2018-05-09 01:26:01 +0000  Processing step: IDEDistributionCreateManifestStep
2018-05-09 01:26:01 +0000  Skipping step: IDEDistributionCreateManifestStep because it said so
